This is XeTeX, Version 3.14159265-2.6-0.999992 (TeX Live 2020/W32TeX) (preloaded format=xelatex 2021.3.21)  21 MAR 2021 18:00
entering extended mode
 restricted \write18 enabled.
 %&-line parsing enabled.
**three.tex
(./three.tex
LaTeX2e <2020-10-01> patch level 4
L3 programming layer <2021-02-18> (c:/Users/jooch/AppData/Roaming/TinyTeX/texmf
-dist/tex/latex/base/book.cls
Document Class: book 2020/04/10 v1.4m Standard LaTeX document class
(c:/Users/jooch/AppData/Roaming/TinyTeX/texmf-dist/tex/latex/base/bk10.clo
File: bk10.clo 2020/04/10 v1.4m Standard LaTeX file (size option)
)
\c@part=\count175
\c@chapter=\count176
\c@section=\count177
\c@subsection=\count178
\c@subsubsection=\count179
\c@paragraph=\count180
\c@subparagraph=\count181
\c@figure=\count182
\c@table=\count183
\abovecaptionskip=\skip47
\belowcaptionskip=\skip48
\bibindent=\dimen138
)
(c:/Users/jooch/AppData/Roaming/TinyTeX/texmf-dist/tex/latex/amsmath/amsmath.st
y
Package: amsmath 2020/09/23 v2.17i AMS math features
\@mathmargin=\skip49
For additional information on amsmath, use the `?' option.

(c:/Users/jooch/AppData/Roaming/TinyTeX/texmf-dist/tex/latex/amsmath/amstext.st
y
Package: amstext 2000/06/29 v2.01 AMS text

(c:/Users/jooch/AppData/Roaming/TinyTeX/texmf-dist/tex/latex/amsmath/amsgen.sty
File: amsgen.sty 1999/11/30 v2.0 generic functions
\@emptytoks=\toks15
\ex@=\dimen139
))
(c:/Users/jooch/AppData/Roaming/TinyTeX/texmf-dist/tex/latex/amsmath/amsbsy.sty
Package: amsbsy 1999/11/29 v1.2d Bold Symbols
\pmbraise@=\dimen140
)
(c:/Users/jooch/AppData/Roaming/TinyTeX/texmf-dist/tex/latex/amsmath/amsopn.sty
Package: amsopn 2016/03/08 v2.02 operator names
)
\inf@bad=\count184
LaTeX Info: Redefining \frac on input line 234.
\uproot@=\count185
\leftroot@=\count186
LaTeX Info: Redefining \overline on input line 399.
\classnum@=\count187
\DOTSCASE@=\count188
LaTeX Info: Redefining \ldots on input line 496.
LaTeX Info: Redefining \dots on input line 499.
LaTeX Info: Redefining \cdots on input line 620.
\Mathstrutbox@=\box47
\strutbox@=\box48
\big@size=\dimen141
LaTeX Font Info:    Redeclaring font encoding OML on input line 743.
LaTeX Font Info:    Redeclaring font encoding OMS on input line 744.
\macc@depth=\count189
\c@MaxMatrixCols=\count190
\dotsspace@=\muskip16
\c@parentequation=\count191
\dspbrk@lvl=\count192
\tag@help=\toks16
\row@=\count193
\column@=\count194
\maxfields@=\count195
\andhelp@=\toks17
\eqnshift@=\dimen142
\alignsep@=\dimen143
\tagshift@=\dimen144
\tagwidth@=\dimen145
\totwidth@=\dimen146
\lineht@=\dimen147
\@envbody=\toks18
\multlinegap=\skip50
\multlinetaggap=\skip51
\mathdisplay@stack=\toks19
LaTeX Info: Redefining \[ on input line 2923.
LaTeX Info: Redefining \] on input line 2924.
)
(c:/Users/jooch/AppData/Roaming/TinyTeX/texmf-dist/tex/latex/amsfonts/amssymb.s
ty
Package: amssymb 2013/01/14 v3.01 AMS font symbols

(c:/Users/jooch/AppData/Roaming/TinyTeX/texmf-dist/tex/latex/amsfonts/amsfonts.
sty
Package: amsfonts 2013/01/14 v3.01 Basic AMSFonts support
\symAMSa=\mathgroup4
\symAMSb=\mathgroup5
LaTeX Font Info:    Redeclaring math symbol \hbar on input line 98.
LaTeX Font Info:    Overwriting math alphabet `\mathfrak' in version `bold'
(Font)                  U/euf/m/n --> U/euf/b/n on input line 106.
)) (c:/Users/jooch/AppData/Roaming/TinyTeX/texmf-dist/tex/latex/lm/lmodern.sty
Package: lmodern 2009/10/30 v1.6 Latin Modern Fonts
LaTeX Font Info:    Overwriting symbol font `operators' in version `normal'
(Font)                  OT1/cmr/m/n --> OT1/lmr/m/n on input line 22.
LaTeX Font Info:    Overwriting symbol font `letters' in version `normal'
(Font)                  OML/cmm/m/it --> OML/lmm/m/it on input line 23.
LaTeX Font Info:    Overwriting symbol font `symbols' in version `normal'
(Font)                  OMS/cmsy/m/n --> OMS/lmsy/m/n on input line 24.
LaTeX Font Info:    Overwriting symbol font `largesymbols' in version `normal'
(Font)                  OMX/cmex/m/n --> OMX/lmex/m/n on input line 25.
LaTeX Font Info:    Overwriting symbol font `operators' in version `bold'
(Font)                  OT1/cmr/bx/n --> OT1/lmr/bx/n on input line 26.
LaTeX Font Info:    Overwriting symbol font `letters' in version `bold'
(Font)                  OML/cmm/b/it --> OML/lmm/b/it on input line 27.
LaTeX Font Info:    Overwriting symbol font `symbols' in version `bold'
(Font)                  OMS/cmsy/b/n --> OMS/lmsy/b/n on input line 28.
LaTeX Font Info:    Overwriting symbol font `largesymbols' in version `bold'
(Font)                  OMX/cmex/m/n --> OMX/lmex/m/n on input line 29.
LaTeX Font Info:    Overwriting math alphabet `\mathbf' in version `normal'
(Font)                  OT1/cmr/bx/n --> OT1/lmr/bx/n on input line 31.
LaTeX Font Info:    Overwriting math alphabet `\mathsf' in version `normal'
(Font)                  OT1/cmss/m/n --> OT1/lmss/m/n on input line 32.
LaTeX Font Info:    Overwriting math alphabet `\mathit' in version `normal'
(Font)                  OT1/cmr/m/it --> OT1/lmr/m/it on input line 33.
LaTeX Font Info:    Overwriting math alphabet `\mathtt' in version `normal'
(Font)                  OT1/cmtt/m/n --> OT1/lmtt/m/n on input line 34.
LaTeX Font Info:    Overwriting math alphabet `\mathbf' in version `bold'
(Font)                  OT1/cmr/bx/n --> OT1/lmr/bx/n on input line 35.
LaTeX Font Info:    Overwriting math alphabet `\mathsf' in version `bold'
(Font)                  OT1/cmss/bx/n --> OT1/lmss/bx/n on input line 36.
LaTeX Font Info:    Overwriting math alphabet `\mathit' in version `bold'
(Font)                  OT1/cmr/bx/it --> OT1/lmr/bx/it on input line 37.
LaTeX Font Info:    Overwriting math alphabet `\mathtt' in version `bold'
(Font)                  OT1/cmtt/m/n --> OT1/lmtt/m/n on input line 38.
)
(c:/Users/jooch/AppData/Roaming/TinyTeX/texmf-dist/tex/generic/iftex/ifxetex.st
y
Package: ifxetex 2019/10/25 v0.7 ifxetex legacy package. Use iftex instead.
(c:/Users/jooch/AppData/Roaming/TinyTeX/texmf-dist/tex/generic/iftex/iftex.sty
Package: iftex 2020/03/06 v1.0d TeX engine tests
))
(c:/Users/jooch/AppData/Roaming/TinyTeX/texmf-dist/tex/generic/iftex/ifluatex.s
ty
Package: ifluatex 2019/10/25 v1.5 ifluatex legacy package. Use iftex instead.
)
(c:/Users/jooch/AppData/Roaming/TinyTeX/texmf-dist/tex/latex/unicode-math/unico
de-math.sty
(c:/Users/jooch/AppData/Roaming/TinyTeX/texmf-dist/tex/latex/l3kernel/expl3.sty
Package: expl3 2021-02-18 L3 programming layer (loader) 

(c:/Users/jooch/AppData/Roaming/TinyTeX/texmf-dist/tex/latex/l3backend/l3backen
d-xetex.def
File: l3backend-xetex.def 2021-03-18 L3 backend support: XeTeX
(|extractbb --version)
\c__kernel_sys_dvipdfmx_version_int=\count196
\l__color_backend_stack_int=\count197
\g__color_backend_stack_int=\count198
\g__graphics_track_int=\count199
\l__pdf_internal_box=\box49
\g__pdf_backend_object_int=\count266
\g__pdf_backend_annotation_int=\count267
\g__pdf_backend_link_int=\count268
))
Package: unicode-math 2020/01/31 v0.8q Unicode maths in XeLaTeX and LuaLaTeX

(c:/Users/jooch/AppData/Roaming/TinyTeX/texmf-dist/tex/latex/unicode-math/unico
de-math-xetex.sty
Package: unicode-math-xetex 2020/01/31 v0.8q Unicode maths in XeLaTeX and LuaLa
TeX

(c:/Users/jooch/AppData/Roaming/TinyTeX/texmf-dist/tex/latex/l3packages/xparse/
xparse.sty
(c:/Users/jooch/AppData/Roaming/TinyTeX/texmf-dist/tex/latex/l3packages/xparse/
xparse-2020-10-01.sty
(c:/Users/jooch/AppData/Roaming/TinyTeX/texmf-dist/tex/latex/l3packages/xparse/
xparse-generic.tex)))
(c:/Users/jooch/AppData/Roaming/TinyTeX/texmf-dist/tex/latex/l3packages/l3keys2
e/l3keys2e.sty
Package: l3keys2e 2021-03-12 LaTeX2e option processing using LaTeX3 keys
)
(c:/Users/jooch/AppData/Roaming/TinyTeX/texmf-dist/tex/latex/fontspec/fontspec.
sty
Package: fontspec 2020/02/21 v2.7i Font selection for XeLaTeX and LuaLaTeX

(c:/Users/jooch/AppData/Roaming/TinyTeX/texmf-dist/tex/latex/fontspec/fontspec-
xetex.sty
Package: fontspec-xetex 2020/02/21 v2.7i Font selection for XeLaTeX and LuaLaTe
X
\l__fontspec_script_int=\count269
\l__fontspec_language_int=\count270
\l__fontspec_strnum_int=\count271
\l__fontspec_tmp_int=\count272
\l__fontspec_tmpa_int=\count273
\l__fontspec_tmpb_int=\count274
\l__fontspec_tmpc_int=\count275
\l__fontspec_em_int=\count276
\l__fontspec_emdef_int=\count277
\l__fontspec_strong_int=\count278
\l__fontspec_strongdef_int=\count279
\l__fontspec_tmpa_dim=\dimen148
\l__fontspec_tmpb_dim=\dimen149
\l__fontspec_tmpc_dim=\dimen150
(c:/Users/jooch/AppData/Roaming/TinyTeX/texmf-dist/tex/latex/base/fontenc.sty
Package: fontenc 2020/08/10 v2.0s Standard LaTeX package
)
(c:/Users/jooch/AppData/Roaming/TinyTeX/texmf-dist/tex/latex/fontspec/fontspec.
cfg))) (c:/Users/jooch/AppData/Roaming/TinyTeX/texmf-dist/tex/latex/base/fix-cm
.sty
Package: fix-cm 2015/01/14 v1.1t fixes to LaTeX
(c:/Users/jooch/AppData/Roaming/TinyTeX/texmf-dist/tex/latex/base/ts1enc.def
File: ts1enc.def 2001/06/05 v3.0e (jk/car/fm) Standard LaTeX file
LaTeX Font Info:    Redeclaring font encoding TS1 on input line 47.
))
\g__um_fam_int=\count280
\g__um_fonts_used_int=\count281
\l__um_primecount_int=\count282
\g__um_primekern_muskip=\muskip17

(c:/Users/jooch/AppData/Roaming/TinyTeX/texmf-dist/tex/latex/unicode-math/unico
de-math-table.tex)))
(c:/Users/jooch/AppData/Roaming/TinyTeX/texmf-dist/tex/latex/upquote/upquote.st
y
Package: upquote 2012/04/19 v1.3 upright-quote and grave-accent glyphs in verba
tim
(c:/Users/jooch/AppData/Roaming/TinyTeX/texmf-dist/tex/latex/base/textcomp.sty
Package: textcomp 2020/02/02 v2.0n Standard LaTeX package
))
(c:/Users/jooch/AppData/Roaming/TinyTeX/texmf-dist/tex/latex/microtype/microtyp
e.sty
Package: microtype 2021/03/14 v2.8c Micro-typographical refinements (RS)

(c:/Users/jooch/AppData/Roaming/TinyTeX/texmf-dist/tex/latex/graphics/keyval.st
y
Package: keyval 2014/10/28 v1.15 key=value parser (DPC)
\KV@toks@=\toks20
)
\MT@toks=\toks21
\MT@count=\count283
LaTeX Info: Redefining \textls on input line 790.
\MT@outer@kern=\dimen151
LaTeX Info: Redefining \textmicrotypecontext on input line 1374.
\MT@listname@count=\count284

(c:/Users/jooch/AppData/Roaming/TinyTeX/texmf-dist/tex/latex/microtype/microtyp
e-xetex.def
File: microtype-xetex.def 2021/03/14 v2.8c Definitions specific to xetex (RS)
LaTeX Info: Redefining \lsstyle on input line 254.
)
Package microtype Info: Loading configuration file microtype.cfg.

(c:/Users/jooch/AppData/Roaming/TinyTeX/texmf-dist/tex/latex/microtype/microtyp
e.cfg
File: microtype.cfg 2021/03/14 v2.8c microtype main configuration file (RS)
))
(c:/Users/jooch/AppData/Roaming/TinyTeX/texmf-dist/tex/latex/parskip/parskip.st
y
Package: parskip 2021-03-14 v2.0h non-zero parskip adjustments

(c:/Users/jooch/AppData/Roaming/TinyTeX/texmf-dist/tex/latex/kvoptions/kvoption
s.sty
Package: kvoptions 2020-10-07 v3.14 Key value format for package options (HO)

(c:/Users/jooch/AppData/Roaming/TinyTeX/texmf-dist/tex/generic/ltxcmds/ltxcmds.
sty
Package: ltxcmds 2020-05-10 v1.25 LaTeX kernel commands for general use (HO)
)
(c:/Users/jooch/AppData/Roaming/TinyTeX/texmf-dist/tex/generic/kvsetkeys/kvsetk
eys.sty
Package: kvsetkeys 2019/12/15 v1.18 Key value parser (HO)
))
(c:/Users/jooch/AppData/Roaming/TinyTeX/texmf-dist/tex/latex/etoolbox/etoolbox.
sty
Package: etoolbox 2020/10/05 v2.5k e-TeX tools for LaTeX (JAW)
\etb@tempcnta=\count285
)) (c:/Users/jooch/AppData/Roaming/TinyTeX/texmf-dist/tex/latex/xcolor/xcolor.s
ty
Package: xcolor 2016/05/11 v2.12 LaTeX color extensions (UK)

(c:/Users/jooch/AppData/Roaming/TinyTeX/texmf-dist/tex/latex/graphics-cfg/color
.cfg
File: color.cfg 2016/01/02 v1.6 sample color configuration
)
Package xcolor Info: Driver file: xetex.def on input line 225.

(c:/Users/jooch/AppData/Roaming/TinyTeX/texmf-dist/tex/latex/graphics-def/xetex
.def
File: xetex.def 2020/08/26 v5.0i Graphics/color driver for xetex
)
Package xcolor Info: Model `cmy' substituted by `cmy0' on input line 1348.
Package xcolor Info: Model `RGB' extended on input line 1364.
Package xcolor Info: Model `HTML' substituted by `rgb' on input line 1366.
Package xcolor Info: Model `Hsb' substituted by `hsb' on input line 1367.
Package xcolor Info: Model `tHsb' substituted by `hsb' on input line 1368.
Package xcolor Info: Model `HSB' substituted by `hsb' on input line 1369.
Package xcolor Info: Model `Gray' substituted by `gray' on input line 1370.
Package xcolor Info: Model `wave' substituted by `hsb' on input line 1371.
)
(c:/Users/jooch/AppData/Roaming/TinyTeX/texmf-dist/tex/latex/bookmark/bookmark.
sty
Package: bookmark 2020-11-06 v1.29 PDF bookmarks (HO)

(c:/Users/jooch/AppData/Roaming/TinyTeX/texmf-dist/tex/latex/hyperref/hyperref.
sty
Package: hyperref 2021-02-27 v7.00k Hypertext links for LaTeX

(c:/Users/jooch/AppData/Roaming/TinyTeX/texmf-dist/tex/generic/pdftexcmds/pdfte
xcmds.sty
Package: pdftexcmds 2020-06-27 v0.33 Utility functions of pdfTeX for LuaTeX (HO
)

(c:/Users/jooch/AppData/Roaming/TinyTeX/texmf-dist/tex/generic/infwarerr/infwar
err.sty
Package: infwarerr 2019/12/03 v1.5 Providing info/warning/error messages (HO)
)
Package pdftexcmds Info: \pdf@primitive is available.
Package pdftexcmds Info: \pdf@ifprimitive is available.
Package pdftexcmds Info: \pdfdraftmode not found.
)
(c:/Users/jooch/AppData/Roaming/TinyTeX/texmf-dist/tex/generic/kvdefinekeys/kvd
efinekeys.sty
Package: kvdefinekeys 2019-12-19 v1.6 Define keys (HO)
)
(c:/Users/jooch/AppData/Roaming/TinyTeX/texmf-dist/tex/generic/pdfescape/pdfesc
ape.sty
Package: pdfescape 2019/12/09 v1.15 Implements pdfTeX's escape features (HO)
)
(c:/Users/jooch/AppData/Roaming/TinyTeX/texmf-dist/tex/latex/hycolor/hycolor.st
y
Package: hycolor 2020-01-27 v1.10 Color options for hyperref/bookmark (HO)
)
(c:/Users/jooch/AppData/Roaming/TinyTeX/texmf-dist/tex/latex/letltxmacro/letltx
macro.sty
Package: letltxmacro 2019/12/03 v1.6 Let assignment for LaTeX macros (HO)
)
(c:/Users/jooch/AppData/Roaming/TinyTeX/texmf-dist/tex/latex/auxhook/auxhook.st
y
Package: auxhook 2019-12-17 v1.6 Hooks for auxiliary files (HO)
)
\@linkdim=\dimen152
\Hy@linkcounter=\count286
\Hy@pagecounter=\count287

(c:/Users/jooch/AppData/Roaming/TinyTeX/texmf-dist/tex/latex/hyperref/pd1enc.de
f
File: pd1enc.def 2021-02-27 v7.00k Hyperref: PDFDocEncoding definition (HO)
)
(c:/Users/jooch/AppData/Roaming/TinyTeX/texmf-dist/tex/latex/hyperref/hyperref-
langpatches.def
File: hyperref-langpatches.def 2021-02-27 v7.00k Hyperref: patches for babel la
nguages
)
(c:/Users/jooch/AppData/Roaming/TinyTeX/texmf-dist/tex/generic/intcalc/intcalc.
sty
Package: intcalc 2019/12/15 v1.3 Expandable calculations with integers (HO)
)
(c:/Users/jooch/AppData/Roaming/TinyTeX/texmf-dist/tex/generic/etexcmds/etexcmd
s.sty
Package: etexcmds 2019/12/15 v1.7 Avoid name clashes with e-TeX commands (HO)
)
\Hy@SavedSpaceFactor=\count288

(c:/Users/jooch/AppData/Roaming/TinyTeX/texmf-dist/tex/latex/hyperref/puenc.def
File: puenc.def 2021-02-27 v7.00k Hyperref: PDF Unicode definition (HO)
)
Package hyperref Info: Option `unicode' set `true' on input line 4073.
Package hyperref Info: Hyper figures OFF on input line 4192.
Package hyperref Info: Link nesting OFF on input line 4197.
Package hyperref Info: Hyper index ON on input line 4200.
Package hyperref Info: Plain pages OFF on input line 4207.
Package hyperref Info: Backreferencing OFF on input line 4212.
Package hyperref Info: Implicit mode ON; LaTeX internals redefined.
Package hyperref Info: Bookmarks ON on input line 4445.
\c@Hy@tempcnt=\count289
(c:/Users/jooch/AppData/Roaming/TinyTeX/texmf-dist/tex/latex/url/url.sty
\Urlmuskip=\muskip18
Package: url 2013/09/16  ver 3.4  Verb mode for urls, etc.
)
LaTeX Info: Redefining \url on input line 4804.
\XeTeXLinkMargin=\dimen153

(c:/Users/jooch/AppData/Roaming/TinyTeX/texmf-dist/tex/generic/bitset/bitset.st
y
Package: bitset 2019/12/09 v1.3 Handle bit-vector datatype (HO)

(c:/Users/jooch/AppData/Roaming/TinyTeX/texmf-dist/tex/generic/bigintcalc/bigin
tcalc.sty
Package: bigintcalc 2019/12/15 v1.5 Expandable calculations on big integers (HO
)
))
\Fld@menulength=\count290
\Field@Width=\dimen154
\Fld@charsize=\dimen155
Package hyperref Info: Hyper figures OFF on input line 6075.
Package hyperref Info: Link nesting OFF on input line 6080.
Package hyperref Info: Hyper index ON on input line 6083.
Package hyperref Info: backreferencing OFF on input line 6090.
Package hyperref Info: Link coloring OFF on input line 6095.
Package hyperref Info: Link coloring with OCG OFF on input line 6100.
Package hyperref Info: PDF/A mode OFF on input line 6105.
LaTeX Info: Redefining \ref on input line 6145.
LaTeX Info: Redefining \pageref on input line 6149.

(c:/Users/jooch/AppData/Roaming/TinyTeX/texmf-dist/tex/latex/base/atbegshi-ltx.
sty
Package: atbegshi-ltx 2020/08/17 v1.0a Emulation of the original atbegshi packa
ge
with kernel methods
)
\Hy@abspage=\count291
\c@Item=\count292
\c@Hfootnote=\count293
)
Package hyperref Info: Driver (autodetected): hxetex.

(c:/Users/jooch/AppData/Roaming/TinyTeX/texmf-dist/tex/latex/hyperref/hxetex.de
f
File: hxetex.def 2021-02-27 v7.00k Hyperref driver for XeTeX

(c:/Users/jooch/AppData/Roaming/TinyTeX/texmf-dist/tex/generic/stringenc/string
enc.sty
Package: stringenc 2019/11/29 v1.12 Convert strings between diff. encodings (HO
)
)
\pdfm@box=\box50
\c@Hy@AnnotLevel=\count294
\HyField@AnnotCount=\count295
\Fld@listcount=\count296
\c@bookmark@seq@number=\count297

(c:/Users/jooch/AppData/Roaming/TinyTeX/texmf-dist/tex/latex/rerunfilecheck/rer
unfilecheck.sty
Package: rerunfilecheck 2019/12/05 v1.9 Rerun checks for auxiliary files (HO)

(c:/Users/jooch/AppData/Roaming/TinyTeX/texmf-dist/tex/latex/base/atveryend-ltx
.sty
Package: atveryend-ltx 2020/08/19 v1.0a Emulation of the original atvery packag
e
with kernel methods
)
(c:/Users/jooch/AppData/Roaming/TinyTeX/texmf-dist/tex/generic/uniquecounter/un
iquecounter.sty
Package: uniquecounter 2019/12/15 v1.4 Provide unlimited unique counter (HO)
)
Package uniquecounter Info: New unique counter `rerunfilecheck' on input line 2
86.
)
\Hy@SectionHShift=\skip52
)
(c:/Users/jooch/AppData/Roaming/TinyTeX/texmf-dist/tex/latex/bookmark/bkm-dvipd
fm.def
File: bkm-dvipdfm.def 2020-11-06 v1.29 bookmark driver for dvipdfm (HO)
\BKM@id=\count298
))
(c:/Users/jooch/AppData/Roaming/TinyTeX/texmf-dist/tex/latex/tools/longtable.st
y
Package: longtable 2020/01/07 v4.13 Multi-page Table package (DPC)
\LTleft=\skip53
\LTright=\skip54
\LTpre=\skip55
\LTpost=\skip56
\LTchunksize=\count299
\LTcapwidth=\dimen156
\LT@head=\box51
\LT@firsthead=\box52
\LT@foot=\box53
\LT@lastfoot=\box54
\LT@cols=\count300
\LT@rows=\count301
\c@LT@tables=\count302
\c@LT@chunks=\count303
\LT@p@ftn=\toks22
)
(c:/Users/jooch/AppData/Roaming/TinyTeX/texmf-dist/tex/latex/booktabs/booktabs.
sty
Package: booktabs 2020/01/12 v1.61803398 Publication quality tables
\heavyrulewidth=\dimen157
\lightrulewidth=\dimen158
\cmidrulewidth=\dimen159
\belowrulesep=\dimen160
\belowbottomsep=\dimen161
\aboverulesep=\dimen162
\abovetopsep=\dimen163
\cmidrulesep=\dimen164
\cmidrulekern=\dimen165
\defaultaddspace=\dimen166
\@cmidla=\count304
\@cmidlb=\count305
\@aboverulesep=\dimen167
\@belowrulesep=\dimen168
\@thisruleclass=\count306
\@lastruleclass=\count307
\@thisrulewidth=\dimen169
) (c:/Users/jooch/AppData/Roaming/TinyTeX/texmf-dist/tex/latex/tools/array.sty
Package: array 2020/10/01 v2.5c Tabular extension package (FMi)
\col@sep=\dimen170
\ar@mcellbox=\box55
\extrarowheight=\dimen171
\NC@list=\toks23
\extratabsurround=\skip57
\backup@length=\skip58
\ar@cellbox=\box56
) (c:/Users/jooch/AppData/Roaming/TinyTeX/texmf-dist/tex/latex/tools/calc.sty
Package: calc 2017/05/25 v4.3 Infix arithmetic (KKT,FJ)
\calc@Acount=\count308
\calc@Bcount=\count309
\calc@Adimen=\dimen172
\calc@Bdimen=\dimen173
\calc@Askip=\skip59
\calc@Bskip=\skip60
LaTeX Info: Redefining \setlength on input line 80.
LaTeX Info: Redefining \addtolength on input line 81.
\calc@Ccount=\count310
\calc@Cskip=\skip61
)
(c:/Users/jooch/AppData/Roaming/TinyTeX/texmf-dist/tex/latex/mdwtools/footnote.
sty
Package: footnote 1997/01/28 1.13 Save footnotes around boxes
\fn@notes=\box57
\fn@width=\dimen174
)
(c:/Users/jooch/AppData/Roaming/TinyTeX/texmf-dist/tex/latex/graphics/graphicx.
sty
Package: graphicx 2020/09/09 v1.2b Enhanced LaTeX Graphics (DPC,SPQR)

(c:/Users/jooch/AppData/Roaming/TinyTeX/texmf-dist/tex/latex/graphics/graphics.
sty
Package: graphics 2020/08/30 v1.4c Standard LaTeX Graphics (DPC,SPQR)
(c:/Users/jooch/AppData/Roaming/TinyTeX/texmf-dist/tex/latex/graphics/trig.sty
Package: trig 2016/01/03 v1.10 sin cos tan (DPC)
)
(c:/Users/jooch/AppData/Roaming/TinyTeX/texmf-dist/tex/latex/graphics-cfg/graph
ics.cfg
File: graphics.cfg 2016/06/04 v1.11 sample graphics configuration
)
Package graphics Info: Driver file: xetex.def on input line 105.
)
\Gin@req@height=\dimen175
\Gin@req@width=\dimen176
) (c:/Users/jooch/AppData/Roaming/TinyTeX/texmf-dist/tex/latex/amscls/amsthm.st
y
Package: amsthm 2020/05/29 v2.20.6
\thm@style=\toks24
\thm@bodyfont=\toks25
\thm@headfont=\toks26
\thm@notefont=\toks27
\thm@headpunct=\toks28
\thm@preskip=\skip62
\thm@postskip=\skip63
\thm@headsep=\skip64
\dth@everypar=\toks29
)
\c@theorem=\count311
\c@lemma=\count312
\c@corollary=\count313
\c@proposition=\count314
\c@conjecture=\count315
\c@definition=\count316
\c@example=\count317
\c@exercise=\count318
No file three.aux.
\openout1 = `three.aux'.

LaTeX Font Info:    Checking defaults for OML/cmm/m/it on input line 94.
LaTeX Font Info:    ... okay on input line 94.
LaTeX Font Info:    Checking defaults for OMS/cmsy/m/n on input line 94.
LaTeX Font Info:    ... okay on input line 94.
LaTeX Font Info:    Checking defaults for OT1/cmr/m/n on input line 94.
LaTeX Font Info:    ... okay on input line 94.
LaTeX Font Info:    Checking defaults for T1/cmr/m/n on input line 94.
LaTeX Font Info:    ... okay on input line 94.
LaTeX Font Info:    Checking defaults for TS1/cmr/m/n on input line 94.
LaTeX Font Info:    ... okay on input line 94.
LaTeX Font Info:    Checking defaults for TU/lmr/m/n on input line 94.
LaTeX Font Info:    ... okay on input line 94.
LaTeX Font Info:    Checking defaults for OMX/cmex/m/n on input line 94.
LaTeX Font Info:    ... okay on input line 94.
LaTeX Font Info:    Checking defaults for U/cmr/m/n on input line 94.
LaTeX Font Info:    ... okay on input line 94.
LaTeX Font Info:    Checking defaults for PD1/pdf/m/n on input line 94.
LaTeX Font Info:    ... okay on input line 94.
LaTeX Font Info:    Checking defaults for PU/pdf/m/n on input line 94.
LaTeX Font Info:    ... okay on input line 94.
LaTeX Font Info:    Overwriting math alphabet `\mathrm' in version `normal'
(Font)                  OT1/lmr/m/n --> TU/lmr/m/n on input line 94.
LaTeX Font Info:    Overwriting math alphabet `\mathit' in version `normal'
(Font)                  OT1/lmr/m/it --> TU/lmr/m/it on input line 94.
LaTeX Font Info:    Overwriting math alphabet `\mathbf' in version `normal'
(Font)                  OT1/lmr/bx/n --> TU/lmr/bx/n on input line 94.
LaTeX Font Info:    Overwriting math alphabet `\mathsf' in version `normal'
(Font)                  OT1/lmss/m/n --> TU/lmss/m/n on input line 94.
LaTeX Font Info:    Overwriting math alphabet `\mathsf' in version `bold'
(Font)                  OT1/lmss/bx/n --> TU/lmss/bx/n on input line 94.
LaTeX Font Info:    Overwriting math alphabet `\mathtt' in version `normal'
(Font)                  OT1/lmtt/m/n --> TU/lmtt/m/n on input line 94.
LaTeX Font Info:    Overwriting math alphabet `\mathtt' in version `bold'
(Font)                  OT1/lmtt/m/n --> TU/lmtt/bx/n on input line 94.

Package fontspec Info: latinmodern-math scale = 0.9999964596882403.


Package fontspec Info: latinmodern-math scale = 0.9999964596882403.


Package fontspec Info: latinmodern-math scale = 0.9999964596882403.


Package fontspec Info: Font family 'latinmodern-math.otf(0)' created for font
(fontspec)             'latinmodern-math.otf' with options
(fontspec)             [Scale=MatchLowercase,BoldItalicFont={},ItalicFont={},Sm
allCapsFont={},Script=Math,BoldFont={latinmodern-math.otf}].
(fontspec)              
(fontspec)              This font family consists of the following NFSS
(fontspec)             series/shapes:
(fontspec)              
(fontspec)             - 'normal' (m/n) with NFSS spec.:
(fontspec)             <->s*[0.9999964596882403]"[latinmodern-math.otf]/OT:scri
pt=math;language=dflt;"
(fontspec)             - 'small caps'  (m/sc) with NFSS spec.: 
(fontspec)             - 'bold' (b/n) with NFSS spec.:
(fontspec)             <->s*[0.9999964596882403]"[latinmodern-math.otf]/OT:scri
pt=math;language=dflt;"
(fontspec)             - 'bold small caps'  (b/sc) with NFSS spec.: 

LaTeX Font Info:    Font shape `TU/latinmodern-math.otf(0)/m/n' will be
(Font)              scaled to size 10.0pt on input line 94.

Package fontspec Info: latinmodern-math scale = 0.9999964596882403.


Package fontspec Info: latinmodern-math scale = 0.9999964596882403.


Package fontspec Info: latinmodern-math scale = 0.9999964596882403.


Package fontspec Info: latinmodern-math scale = 0.9999964596882403.


Package fontspec Info: latinmodern-math scale = 0.9999964596882403.


Package fontspec Info: Font family 'latinmodern-math.otf(1)' created for font
(fontspec)             'latinmodern-math.otf' with options
(fontspec)             [Scale=MatchLowercase,BoldItalicFont={},ItalicFont={},Sm
allCapsFont={},Script=Math,SizeFeatures={{Size=8.5-},{Size=6-8.5,Font=latinmode
rn-math.otf,Style=MathScript},{Size=-6,Font=latinmodern-math.otf,Style=MathScri
ptScript}},BoldFont={latinmodern-math.otf}].
(fontspec)              
(fontspec)              This font family consists of the following NFSS
(fontspec)             series/shapes:
(fontspec)              
(fontspec)             - 'normal' (m/n) with NFSS spec.:
(fontspec)             <8.5->s*[0.9999964596882403]"[latinmodern-math.otf]/OT:s
cript=math;language=dflt;"<6-8.5>s*[0.9999964596882403]"[latinmodern-math.otf]/
OT:script=math;language=dflt;+ssty=0;"<-6>s*[0.9999964596882403]"[latinmodern-m
ath.otf]/OT:script=math;language=dflt;+ssty=1;"
(fontspec)             - 'small caps'  (m/sc) with NFSS spec.: 
(fontspec)             - 'bold' (b/n) with NFSS spec.:
(fontspec)             <->s*[0.9999964596882403]"[latinmodern-math.otf]/OT:scri
pt=math;language=dflt;"
(fontspec)             - 'bold small caps'  (b/sc) with NFSS spec.: 

LaTeX Font Info:    Font shape `TU/latinmodern-math.otf(1)/m/n' will be
(Font)              scaled to size 10.0pt on input line 94.
LaTeX Font Info:    Encoding `OT1' has changed to `TU' for symbol font
(Font)              `operators' in the math version `normal' on input line 94.
LaTeX Font Info:    Overwriting symbol font `operators' in version `normal'
(Font)                  OT1/lmr/m/n --> TU/latinmodern-math.otf(1)/m/n on input
 line 94.
LaTeX Font Info:    Encoding `OT1' has changed to `TU' for symbol font
(Font)              `operators' in the math version `bold' on input line 94.
LaTeX Font Info:    Overwriting symbol font `operators' in version `bold'
(Font)                  OT1/lmr/bx/n --> TU/latinmodern-math.otf(1)/b/n on inpu
t line 94.

Package fontspec Info: latinmodern-math scale = 0.9999964596882403.


Package fontspec Info: latinmodern-math scale = 1.000096459334209.


Package fontspec Info: latinmodern-math scale = 0.9999964596882403.


Package fontspec Info: latinmodern-math scale = 1.000096459334209.


Package fontspec Info: latinmodern-math scale = 0.9999964596882403.


Package fontspec Info: latinmodern-math scale = 1.000096459334209.


Package fontspec Info: latinmodern-math scale = 0.9999964596882403.


Package fontspec Info: latinmodern-math scale = 1.000096459334209.


Package fontspec Info: latinmodern-math scale = 0.9999964596882403.


Package fontspec Info: latinmodern-math scale = 1.000096459334209.


Package fontspec Info: Font family 'latinmodern-math.otf(2)' created for font
(fontspec)             'latinmodern-math.otf' with options
(fontspec)             [Scale=MatchLowercase,BoldItalicFont={},ItalicFont={},Sm
allCapsFont={},Script=Math,SizeFeatures={{Size=8.5-},{Size=6-8.5,Font=latinmode
rn-math.otf,Style=MathScript},{Size=-6,Font=latinmodern-math.otf,Style=MathScri
ptScript}},BoldFont={latinmodern-math.otf},ScaleAgain=1.0001,FontAdjustment={\f
ontdimen
(fontspec)             8\font =6.77pt\relax \fontdimen 9\font =3.94pt\relax
(fontspec)             \fontdimen 10\font =4.44pt\relax \fontdimen 11\font
(fontspec)             =6.86pt\relax \fontdimen 12\font =3.45pt\relax
(fontspec)             \fontdimen 13\font =3.63pt\relax \fontdimen 14\font
(fontspec)             =3.63pt\relax \fontdimen 15\font =2.89pt\relax
(fontspec)             \fontdimen 16\font =2.47pt\relax \fontdimen 17\font
(fontspec)             =2.47pt\relax \fontdimen 18\font =2.5pt\relax
(fontspec)             \fontdimen 19\font =2.0pt\relax \fontdimen 22\font
(fontspec)             =2.5pt\relax \fontdimen 20\font =0pt\relax \fontdimen
(fontspec)             21\font =0pt\relax }].
(fontspec)              
(fontspec)              This font family consists of the following NFSS
(fontspec)             series/shapes:
(fontspec)              
(fontspec)             - 'normal' (m/n) with NFSS spec.:
(fontspec)             <8.5->s*[1.000096459334209]"[latinmodern-math.otf]/OT:sc
ript=math;language=dflt;"<6-8.5>s*[1.000096459334209]"[latinmodern-math.otf]/OT
:script=math;language=dflt;+ssty=0;"<-6>s*[1.000096459334209]"[latinmodern-math
.otf]/OT:script=math;language=dflt;+ssty=1;"
(fontspec)             - 'small caps'  (m/sc) with NFSS spec.: 
(fontspec)             and font adjustment code:
(fontspec)             \fontdimen 8\font =6.77pt\relax \fontdimen 9\font
(fontspec)             =3.94pt\relax \fontdimen 10\font =4.44pt\relax
(fontspec)             \fontdimen 11\font =6.86pt\relax \fontdimen 12\font
(fontspec)             =3.45pt\relax \fontdimen 13\font =3.63pt\relax
(fontspec)             \fontdimen 14\font =3.63pt\relax \fontdimen 15\font
(fontspec)             =2.89pt\relax \fontdimen 16\font =2.47pt\relax
(fontspec)             \fontdimen 17\font =2.47pt\relax \fontdimen 18\font
(fontspec)             =2.5pt\relax \fontdimen 19\font =2.0pt\relax \fontdimen
(fontspec)             22\font =2.5pt\relax \fontdimen 20\font =0pt\relax
(fontspec)             \fontdimen 21\font =0pt\relax 
(fontspec)             - 'bold' (b/n) with NFSS spec.:
(fontspec)             <->s*[1.000096459334209]"[latinmodern-math.otf]/OT:scrip
t=math;language=dflt;"
(fontspec)             - 'bold small caps'  (b/sc) with NFSS spec.: 
(fontspec)             and font adjustment code:
(fontspec)             \fontdimen 8\font =6.77pt\relax \fontdimen 9\font
(fontspec)             =3.94pt\relax \fontdimen 10\font =4.44pt\relax
(fontspec)             \fontdimen 11\font =6.86pt\relax \fontdimen 12\font
(fontspec)             =3.45pt\relax \fontdimen 13\font =3.63pt\relax
(fontspec)             \fontdimen 14\font =3.63pt\relax \fontdimen 15\font
(fontspec)             =2.89pt\relax \fontdimen 16\font =2.47pt\relax
(fontspec)             \fontdimen 17\font =2.47pt\relax \fontdimen 18\font
(fontspec)             =2.5pt\relax \fontdimen 19\font =2.0pt\relax \fontdimen
(fontspec)             22\font =2.5pt\relax \fontdimen 20\font =0pt\relax
(fontspec)             \fontdimen 21\font =0pt\relax 

LaTeX Font Info:    Encoding `OMS' has changed to `TU' for symbol font
(Font)              `symbols' in the math version `normal' on input line 94.
LaTeX Font Info:    Overwriting symbol font `symbols' in version `normal'
(Font)                  OMS/lmsy/m/n --> TU/latinmodern-math.otf(2)/m/n on inpu
t line 94.
LaTeX Font Info:    Encoding `OMS' has changed to `TU' for symbol font
(Font)              `symbols' in the math version `bold' on input line 94.
LaTeX Font Info:    Overwriting symbol font `symbols' in version `bold'
(Font)                  OMS/lmsy/b/n --> TU/latinmodern-math.otf(2)/b/n on inpu
t line 94.

Package fontspec Info: latinmodern-math scale = 0.9999964596882403.


Package fontspec Info: latinmodern-math scale = 0.9998964600422715.


Package fontspec Info: latinmodern-math scale = 0.9999964596882403.


Package fontspec Info: latinmodern-math scale = 0.9998964600422715.


Package fontspec Info: latinmodern-math scale = 0.9999964596882403.


Package fontspec Info: latinmodern-math scale = 0.9998964600422715.


Package fontspec Info: latinmodern-math scale = 0.9999964596882403.


Package fontspec Info: latinmodern-math scale = 0.9998964600422715.


Package fontspec Info: latinmodern-math scale = 0.9999964596882403.


Package fontspec Info: latinmodern-math scale = 0.9998964600422715.


Package fontspec Info: Font family 'latinmodern-math.otf(3)' created for font
(fontspec)             'latinmodern-math.otf' with options
(fontspec)             [Scale=MatchLowercase,BoldItalicFont={},ItalicFont={},Sm
allCapsFont={},Script=Math,SizeFeatures={{Size=8.5-},{Size=6-8.5,Font=latinmode
rn-math.otf,Style=MathScript},{Size=-6,Font=latinmodern-math.otf,Style=MathScri
ptScript}},BoldFont={latinmodern-math.otf},ScaleAgain=0.9999,FontAdjustment={\f
ontdimen
(fontspec)             8\font =0.4pt\relax \fontdimen 9\font =2.0pt\relax
(fontspec)             \fontdimen 10\font =1.67pt\relax \fontdimen 11\font
(fontspec)             =1.11pt\relax \fontdimen 12\font =6.0pt\relax
(fontspec)             \fontdimen 13\font =0pt\relax }].
(fontspec)              
(fontspec)              This font family consists of the following NFSS
(fontspec)             series/shapes:
(fontspec)              
(fontspec)             - 'normal' (m/n) with NFSS spec.:
(fontspec)             <8.5->s*[0.9998964600422715]"[latinmodern-math.otf]/OT:s
cript=math;language=dflt;"<6-8.5>s*[0.9998964600422715]"[latinmodern-math.otf]/
OT:script=math;language=dflt;+ssty=0;"<-6>s*[0.9998964600422715]"[latinmodern-m
ath.otf]/OT:script=math;language=dflt;+ssty=1;"
(fontspec)             - 'small caps'  (m/sc) with NFSS spec.: 
(fontspec)             and font adjustment code:
(fontspec)             \fontdimen 8\font =0.4pt\relax \fontdimen 9\font
(fontspec)             =2.0pt\relax \fontdimen 10\font =1.67pt\relax
(fontspec)             \fontdimen 11\font =1.11pt\relax \fontdimen 12\font
(fontspec)             =6.0pt\relax \fontdimen 13\font =0pt\relax 
(fontspec)             - 'bold' (b/n) with NFSS spec.:
(fontspec)             <->s*[0.9998964600422715]"[latinmodern-math.otf]/OT:scri
pt=math;language=dflt;"
(fontspec)             - 'bold small caps'  (b/sc) with NFSS spec.: 
(fontspec)             and font adjustment code:
(fontspec)             \fontdimen 8\font =0.4pt\relax \fontdimen 9\font
(fontspec)             =2.0pt\relax \fontdimen 10\font =1.67pt\relax
(fontspec)             \fontdimen 11\font =1.11pt\relax \fontdimen 12\font
(fontspec)             =6.0pt\relax \fontdimen 13\font =0pt\relax 

LaTeX Font Info:    Encoding `OMX' has changed to `TU' for symbol font
(Font)              `largesymbols' in the math version `normal' on input line 9
4.
LaTeX Font Info:    Overwriting symbol font `largesymbols' in version `normal'
(Font)                  OMX/lmex/m/n --> TU/latinmodern-math.otf(3)/m/n on inpu
t line 94.
LaTeX Font Info:    Encoding `OMX' has changed to `TU' for symbol font
(Font)              `largesymbols' in the math version `bold' on input line 94.

LaTeX Font Info:    Overwriting symbol font `largesymbols' in version `bold'
(Font)                  OMX/lmex/m/n --> TU/latinmodern-math.otf(3)/b/n on inpu
t line 94.
LaTeX Info: Redefining \microtypecontext on input line 94.
Package microtype Info: Character protrusion enabled (level 2).
Package microtype Info: Using protrusion set `basicmath'.
Package microtype Info: No adjustment of tracking.
Package microtype Info: No adjustment of spacing.
Package microtype Info: No adjustment of kerning.

(c:/Users/jooch/AppData/Roaming/TinyTeX/texmf-dist/tex/latex/microtype/mt-Latin
ModernRoman.cfg
File: mt-LatinModernRoman.cfg 2021/02/21 v1.1 microtype config. file: Latin Mod
ern Roman (RS)
)
Package hyperref Info: Link coloring OFF on input line 94.

(c:/Users/jooch/AppData/Roaming/TinyTeX/texmf-dist/tex/latex/hyperref/nameref.s
ty
Package: nameref 2021-04-02 v2.47 Cross-referencing by name of section

(c:/Users/jooch/AppData/Roaming/TinyTeX/texmf-dist/tex/latex/refcount/refcount.
sty
Package: refcount 2019/12/15 v3.6 Data extraction from label references (HO)
)
(c:/Users/jooch/AppData/Roaming/TinyTeX/texmf-dist/tex/generic/gettitlestring/g
ettitlestring.sty
Package: gettitlestring 2019/12/15 v1.6 Cleanup title references (HO)
)
\c@section@level=\count319
)
LaTeX Info: Redefining \ref on input line 94.
LaTeX Info: Redefining \pageref on input line 94.
LaTeX Info: Redefining \nameref on input line 94.

Package hyperref Warning: Rerun to get /PageLabels entry.

LaTeX Font Info:    Font shape `TU/latinmodern-math.otf(1)/m/n' will be
(Font)              scaled to size 12.0pt on input line 96.
LaTeX Font Info:    Font shape `TU/latinmodern-math.otf(1)/m/n' will be
(Font)              scaled to size 8.0pt on input line 96.
LaTeX Font Info:    Font shape `TU/latinmodern-math.otf(1)/m/n' will be
(Font)              scaled to size 6.0pt on input line 96.
LaTeX Font Info:    Trying to load font information for OML+lmm on input line 9
6.
(c:/Users/jooch/AppData/Roaming/TinyTeX/texmf-dist/tex/latex/lm/omllmm.fd
File: omllmm.fd 2009/10/30 v1.6 Font defs for Latin Modern
)
LaTeX Font Info:    Font shape `TU/latinmodern-math.otf(2)/m/n' will be
(Font)              scaled to size 12.0011pt on input line 96.
LaTeX Font Info:    Font shape `TU/latinmodern-math.otf(2)/m/n' will be
(Font)              scaled to size 8.00073pt on input line 96.
LaTeX Font Info:    Font shape `TU/latinmodern-math.otf(2)/m/n' will be
(Font)              scaled to size 6.00055pt on input line 96.
LaTeX Font Info:    Font shape `TU/latinmodern-math.otf(3)/m/n' will be
(Font)              scaled to size 11.99872pt on input line 96.
LaTeX Font Info:    Font shape `TU/latinmodern-math.otf(3)/m/n' will be
(Font)              scaled to size 7.99915pt on input line 96.
LaTeX Font Info:    Font shape `TU/latinmodern-math.otf(3)/m/n' will be
(Font)              scaled to size 5.99936pt on input line 96.
LaTeX Font Info:    Trying to load font information for U+msa on input line 96.

(c:/Users/jooch/AppData/Roaming/TinyTeX/texmf-dist/tex/latex/amsfonts/umsa.fd
File: umsa.fd 2013/01/14 v3.01 AMS symbols A
)
(c:/Users/jooch/AppData/Roaming/TinyTeX/texmf-dist/tex/latex/microtype/mt-msa.c
fg
File: mt-msa.cfg 2006/02/04 v1.1 microtype config. file: AMS symbols (a) (RS)
)
LaTeX Font Info:    Trying to load font information for U+msb on input line 96.

(c:/Users/jooch/AppData/Roaming/TinyTeX/texmf-dist/tex/latex/amsfonts/umsb.fd
File: umsb.fd 2013/01/14 v3.01 AMS symbols B
)
(c:/Users/jooch/AppData/Roaming/TinyTeX/texmf-dist/tex/latex/microtype/mt-msb.c
fg
File: mt-msb.cfg 2005/06/01 v1.0 microtype config. file: AMS symbols (b) (RS)
) [1


] [2

]
\tf@toc=\write3
\openout3 = `three.toc'.

[3] [4

]
Missing character: There is no 금 in font [lmroman10-regular]:mapping=tex-text;!
Missing character: There is no 융 in font [lmroman10-regular]:mapping=tex-text;!
Missing character: There is no 공 in font [lmroman10-regular]:mapping=tex-text;!
Missing character: There is no 학 in font [lmroman10-regular]:mapping=tex-text;!
Missing character: There is no 인 in font [lmroman10-regular]:mapping=tex-text;!
Missing character: There is no 공 in font [lmroman10-regular]:mapping=tex-text;!
Missing character: There is no 지 in font [lmroman10-regular]:mapping=tex-text;!
Missing character: There is no 능 in font [lmroman10-regular]:mapping=tex-text;!
Missing character: There is no 두 in font [lmroman10-regular]:mapping=tex-text;!
Missing character: There is no 가 in font [lmroman10-regular]:mapping=tex-text;!
Missing character: There is no 지 in font [lmroman10-regular]:mapping=tex-text;!
Missing character: There is no 모 in font [lmroman10-regular]:mapping=tex-text;!
Missing character: There is no 두 in font [lmroman10-regular]:mapping=tex-text;!
Missing character: There is no 매 in font [lmroman10-regular]:mapping=tex-text;!
Missing character: There is no 력 in font [lmroman10-regular]:mapping=tex-text;!
Missing character: There is no 적 in font [lmroman10-regular]:mapping=tex-text;!
Missing character: There is no 인 in font [lmroman10-regular]:mapping=tex-text;!
Missing character: There is no 말 in font [lmroman10-regular]:mapping=tex-text;!
Missing character: There is no 입 in font [lmroman10-regular]:mapping=tex-text;!
Missing character: There is no 니 in font [lmroman10-regular]:mapping=tex-text;!
Missing character: There is no 다 in font [lmroman10-regular]:mapping=tex-text;!
Missing character: There is no 이 in font [lmroman10-regular]:mapping=tex-text;!
Missing character: There is no 두 in font [lmroman10-regular]:mapping=tex-text;!
Missing character: There is no 가 in font [lmroman10-regular]:mapping=tex-text;!
Missing character: There is no 지 in font [lmroman10-regular]:mapping=tex-text;!
Missing character: There is no 를 in font [lmroman10-regular]:mapping=tex-text;!
Missing character: There is no 모 in font [lmroman10-regular]:mapping=tex-text;!
Missing character: There is no 두 in font [lmroman10-regular]:mapping=tex-text;!
Missing character: There is no 배 in font [lmroman10-regular]:mapping=tex-text;!
Missing character: There is no 울 in font [lmroman10-regular]:mapping=tex-text;!
Missing character: There is no 수 in font [lmroman10-regular]:mapping=tex-text;!
Missing character: There is no 있 in font [lmroman10-regular]:mapping=tex-text;!
Missing character: There is no 을 in font [lmroman10-regular]:mapping=tex-text;!
Missing character: There is no 까 in font [lmroman10-regular]:mapping=tex-text;!
Missing character: There is no 요 in font [lmroman10-regular]:mapping=tex-text;!
Missing character: There is no 그 in font [lmroman10-regular]:mapping=tex-text;!
Missing character: There is no 것 in font [lmroman10-regular]:mapping=tex-text;!
Missing character: There is no 이 in font [lmroman10-regular]:mapping=tex-text;!
Missing character: There is no 바 in font [lmroman10-regular]:mapping=tex-text;!
Missing character: There is no 로 in font [lmroman10-regular]:mapping=tex-text;!
Missing character: There is no 이 in font [lmroman10-regular]:mapping=tex-text;!
Missing character: There is no 강 in font [lmroman10-regular]:mapping=tex-text;!
Missing character: There is no 의 in font [lmroman10-regular]:mapping=tex-text;!
Missing character: There is no 가 in font [lmroman10-regular]:mapping=tex-text;!
Missing character: There is no 추 in font [lmroman10-regular]:mapping=tex-text;!
Missing character: There is no 구 in font [lmroman10-regular]:mapping=tex-text;!
Missing character: There is no 하 in font [lmroman10-regular]:mapping=tex-text;!
Missing character: There is no 는 in font [lmroman10-regular]:mapping=tex-text;!
Missing character: There is no 바 in font [lmroman10-regular]:mapping=tex-text;!
Missing character: There is no 입 in font [lmroman10-regular]:mapping=tex-text;!
Missing character: There is no 니 in font [lmroman10-regular]:mapping=tex-text;!
Missing character: There is no 다 in font [lmroman10-regular]:mapping=tex-text;!
Missing character: There is no 금 in font [lmroman10-regular]:mapping=tex-text;!
Missing character: There is no 융 in font [lmroman10-regular]:mapping=tex-text;!
Missing character: There is no 공 in font [lmroman10-regular]:mapping=tex-text;!
Missing character: There is no 학 in font [lmroman10-regular]:mapping=tex-text;!
Missing character: There is no 과 in font [lmroman10-regular]:mapping=tex-text;!
Missing character: There is no 인 in font [lmroman10-regular]:mapping=tex-text;!
Missing character: There is no 공 in font [lmroman10-regular]:mapping=tex-text;!
Missing character: There is no 지 in font [lmroman10-regular]:mapping=tex-text;!
Missing character: There is no 능 in font [lmroman10-regular]:mapping=tex-text;!
Missing character: There is no 의 in font [lmroman10-regular]:mapping=tex-text;!
Missing character: There is no 기 in font [lmroman10-regular]:mapping=tex-text;!
Missing character: There is no 초 in font [lmroman10-regular]:mapping=tex-text;!
Missing character: There is no 뿐 in font [lmroman10-regular]:mapping=tex-text;!
Missing character: There is no 만 in font [lmroman10-regular]:mapping=tex-text;!
Missing character: There is no 이 in font [lmroman10-regular]:mapping=tex-text;!
Missing character: There is no 아 in font [lmroman10-regular]:mapping=tex-text;!
Missing character: There is no 니 in font [lmroman10-regular]:mapping=tex-text;!
Missing character: There is no 라 in font [lmroman10-regular]:mapping=tex-text;!
Missing character: There is no 수 in font [lmroman10-regular]:mapping=tex-text;!
Missing character: There is no 준 in font [lmroman10-regular]:mapping=tex-text;!
Missing character: There is no 있 in font [lmroman10-regular]:mapping=tex-text;!
Missing character: There is no 는 in font [lmroman10-regular]:mapping=tex-text;!
Missing character: There is no 내 in font [lmroman10-regular]:mapping=tex-text;!
Missing character: There is no 용 in font [lmroman10-regular]:mapping=tex-text;!
Missing character: There is no 까 in font [lmroman10-regular]:mapping=tex-text;!
Missing character: There is no 지 in font [lmroman10-regular]:mapping=tex-text;!
Missing character: There is no 모 in font [lmroman10-regular]:mapping=tex-text;!
Missing character: There is no 두 in font [lmroman10-regular]:mapping=tex-text;!
Missing character: There is no 배 in font [lmroman10-regular]:mapping=tex-text;!
Missing character: There is no 우 in font [lmroman10-regular]:mapping=tex-text;!
Missing character: There is no 고 in font [lmroman10-regular]:mapping=tex-text;!
Missing character: There is no 이 in font [lmroman10-regular]:mapping=tex-text;!
Missing character: There is no 를 in font [lmroman10-regular]:mapping=tex-text;!
Missing character: There is no 세 in font [lmroman10-regular]:mapping=tex-text;!
Missing character: There is no 상 in font [lmroman10-regular]:mapping=tex-text;!
Missing character: There is no 에 in font [lmroman10-regular]:mapping=tex-text;!
Missing character: There is no 활 in font [lmroman10-regular]:mapping=tex-text;!
Missing character: There is no 용 in font [lmroman10-regular]:mapping=tex-text;!
Missing character: There is no 해 in font [lmroman10-regular]:mapping=tex-text;!
Missing character: There is no 볼 in font [lmroman10-regular]:mapping=tex-text;!
Missing character: There is no 수 in font [lmroman10-regular]:mapping=tex-text;!
Missing character: There is no 있 in font [lmroman10-regular]:mapping=tex-text;!
Missing character: There is no 을 in font [lmroman10-regular]:mapping=tex-text;!
Missing character: There is no 정 in font [lmroman10-regular]:mapping=tex-text;!
Missing character: There is no 도 in font [lmroman10-regular]:mapping=tex-text;!
Missing character: There is no 까 in font [lmroman10-regular]:mapping=tex-text;!
Missing character: There is no 지 in font [lmroman10-regular]:mapping=tex-text;!
Missing character: There is no 의 in font [lmroman10-regular]:mapping=tex-text;!
Missing character: There is no 준 in font [lmroman10-regular]:mapping=tex-text;!
Missing character: There is no 비 in font [lmroman10-regular]:mapping=tex-text;!
Missing character: There is no 를 in font [lmroman10-regular]:mapping=tex-text;!
Missing character: There is no 하 in font [lmroman10-regular]:mapping=tex-text;!
Missing character: There is no 는 in font [lmroman10-regular]:mapping=tex-text;!
Missing character: There is no 것 in font [lmroman10-regular]:mapping=tex-text;!
Missing character: There is no 입 in font [lmroman10-regular]:mapping=tex-text;!
Missing character: There is no 니 in font [lmroman10-regular]:mapping=tex-text;!
Missing character: There is no 다 in font [lmroman10-regular]:mapping=tex-text;!
Missing character: There is no 이 in font [lmroman10-regular]:mapping=tex-text;!
Missing character: There is no 강 in font [lmroman10-regular]:mapping=tex-text;!
Missing character: There is no 의 in font [lmroman10-regular]:mapping=tex-text;!
Missing character: There is no 는 in font [lmroman10-regular]:mapping=tex-text;!
Missing character: There is no 아 in font [lmroman10-regular]:mapping=tex-text;!
Missing character: There is no 직 in font [lmroman10-regular]:mapping=tex-text;!
Missing character: There is no 도 in font [lmroman10-regular]:mapping=tex-text;!
Missing character: There is no 개 in font [lmroman10-regular]:mapping=tex-text;!
Missing character: There is no 발 in font [lmroman10-regular]:mapping=tex-text;!
Missing character: There is no 중 in font [lmroman10-regular]:mapping=tex-text;!
Missing character: There is no 입 in font [lmroman10-regular]:mapping=tex-text;!
Missing character: There is no 니 in font [lmroman10-regular]:mapping=tex-text;!
Missing character: There is no 다 in font [lmroman10-regular]:mapping=tex-text;!
Missing character: There is no 계 in font [lmroman10-regular]:mapping=tex-text;!
Missing character: There is no 속 in font [lmroman10-regular]:mapping=tex-text;!
Missing character: There is no 해 in font [lmroman10-regular]:mapping=tex-text;!
Missing character: There is no 서 in font [lmroman10-regular]:mapping=tex-text;!
Missing character: There is no 새 in font [lmroman10-regular]:mapping=tex-text;!
Missing character: There is no 로 in font [lmroman10-regular]:mapping=tex-text;!
Missing character: There is no 운 in font [lmroman10-regular]:mapping=tex-text;!
Missing character: There is no 내 in font [lmroman10-regular]:mapping=tex-text;!
Missing character: There is no 용 in font [lmroman10-regular]:mapping=tex-text;!
Missing character: There is no 을 in font [lmroman10-regular]:mapping=tex-text;!
Missing character: There is no 추 in font [lmroman10-regular]:mapping=tex-text;!
Missing character: There is no 가 in font [lmroman10-regular]:mapping=tex-text;!
Missing character: There is no 하 in font [lmroman10-regular]:mapping=tex-text;!
Missing character: There is no 도 in font [lmroman10-regular]:mapping=tex-text;!
Missing character: There is no 록 in font [lmroman10-regular]:mapping=tex-text;!
Missing character: There is no 하 in font [lmroman10-regular]:mapping=tex-text;!
Missing character: There is no 겠 in font [lmroman10-regular]:mapping=tex-text;!
Missing character: There is no 습 in font [lmroman10-regular]:mapping=tex-text;!
Missing character: There is no 니 in font [lmroman10-regular]:mapping=tex-text;!
Missing character: There is no 다 in font [lmroman10-regular]:mapping=tex-text;!
[5] [6

] [7] [8]
Chapter 1.
Missing character: There is no 거 in font [lmroman12-bold]:mapping=tex-text;!
Missing character: There is no 래 in font [lmroman12-bold]:mapping=tex-text;!
Missing character: There is no 계 in font [lmroman12-bold]:mapping=tex-text;!
Missing character: There is no 약 in font [lmroman12-bold]:mapping=tex-text;!
Missing character: There is no 라 in font [lmroman12-bold]:mapping=tex-text;!
Missing character: There is no 는 in font [lmroman12-bold]:mapping=tex-text;!
Missing character: There is no 것 in font [lmroman12-bold]:mapping=tex-text;!
Missing character: There is no 은 in font [lmroman12-bold]:mapping=tex-text;!
Missing character: There is no 무 in font [lmroman12-bold]:mapping=tex-text;!
Missing character: There is no 엇 in font [lmroman12-bold]:mapping=tex-text;!
Missing character: There is no 일 in font [lmroman12-bold]:mapping=tex-text;!
Missing character: There is no 까 in font [lmroman12-bold]:mapping=tex-text;!
Missing character: There is no 가 in font [lmroman10-regular]:mapping=tex-text;!
Missing character: There is no 장 in font [lmroman10-regular]:mapping=tex-text;!
Missing character: There is no 이 in font [lmroman10-regular]:mapping=tex-text;!
Missing character: There is no 해 in font [lmroman10-regular]:mapping=tex-text;!
Missing character: There is no 하 in font [lmroman10-regular]:mapping=tex-text;!
Missing character: There is no 기 in font [lmroman10-regular]:mapping=tex-text;!
Missing character: There is no 쉬 in font [lmroman10-regular]:mapping=tex-text;!
Missing character: There is no 운 in font [lmroman10-regular]:mapping=tex-text;!
Missing character: There is no 거 in font [lmroman10-regular]:mapping=tex-text;!
Missing character: There is no 래 in font [lmroman10-regular]:mapping=tex-text;!
Missing character: There is no 는 in font [lmroman10-regular]:mapping=tex-text;!
Missing character: There is no 사 in font [lmroman10-bold]:mapping=tex-text;!
Missing character: There is no 다 in font [lmroman10-bold]:mapping=tex-text;!
Missing character: There is no 와 in font [lmroman10-regular]:mapping=tex-text;!
Missing character: There is no 팔 in font [lmroman10-bold]:mapping=tex-text;!
Missing character: There is no 다 in font [lmroman10-bold]:mapping=tex-text;!
Missing character: There is no 가 in font [lmroman10-regular]:mapping=tex-text;!
Missing character: There is no 동 in font [lmroman10-regular]:mapping=tex-text;!
Missing character: There is no 시 in font [lmroman10-regular]:mapping=tex-text;!
Missing character: There is no 에 in font [lmroman10-regular]:mapping=tex-text;!
Missing character: There is no 일 in font [lmroman10-regular]:mapping=tex-text;!
Missing character: There is no 어 in font [lmroman10-regular]:mapping=tex-text;!
Missing character: There is no 나 in font [lmroman10-regular]:mapping=tex-text;!
Missing character: There is no 는 in font [lmroman10-regular]:mapping=tex-text;!
Missing character: There is no 형 in font [lmroman10-regular]:mapping=tex-text;!
Missing character: There is no 태 in font [lmroman10-regular]:mapping=tex-text;!
Missing character: There is no 입 in font [lmroman10-regular]:mapping=tex-text;!
Missing character: There is no 니 in font [lmroman10-regular]:mapping=tex-text;!
Missing character: There is no 다 in font [lmroman10-regular]:mapping=tex-text;!
Missing character: There is no 이 in font [lmroman10-regular]:mapping=tex-text;!
Missing character: There is no 형 in font [lmroman10-regular]:mapping=tex-text;!
Missing character: There is no 태 in font [lmroman10-regular]:mapping=tex-text;!
Missing character: There is no 의 in font [lmroman10-regular]:mapping=tex-text;!
Missing character: There is no 거 in font [lmroman10-regular]:mapping=tex-text;!
Missing character: There is no 래 in font [lmroman10-regular]:mapping=tex-text;!
Missing character: There is no 는 in font [lmroman10-regular]:mapping=tex-text;!
Missing character: There is no 주 in font [lmroman10-bold]:mapping=tex-text;!
Missing character: There is no 다 in font [lmroman10-bold]:mapping=tex-text;!
Missing character: There is no 와 in font [lmroman10-regular]:mapping=tex-text;!
Missing character: There is no 받 in font [lmroman10-bold]:mapping=tex-text;!
Missing character: There is no 다 in font [lmroman10-bold]:mapping=tex-text;!
Missing character: There is no 가 in font [lmroman10-regular]:mapping=tex-text;!
Missing character: There is no 동 in font [lmroman10-regular]:mapping=tex-text;!
Missing character: There is no 시 in font [lmroman10-regular]:mapping=tex-text;!
Missing character: There is no 에 in font [lmroman10-regular]:mapping=tex-text;!
Missing character: There is no 일 in font [lmroman10-regular]:mapping=tex-text;!
Missing character: There is no 어 in font [lmroman10-regular]:mapping=tex-text;!
Missing character: There is no 나 in font [lmroman10-regular]:mapping=tex-text;!
Missing character: There is no 는 in font [lmroman10-regular]:mapping=tex-text;!
Missing character: There is no 것 in font [lmroman10-regular]:mapping=tex-text;!
Missing character: There is no 으 in font [lmroman10-regular]:mapping=tex-text;!
Missing character: There is no 로 in font [lmroman10-regular]:mapping=tex-text;!
Missing character: There is no 해 in font [lmroman10-regular]:mapping=tex-text;!
Missing character: There is no 석 in font [lmroman10-regular]:mapping=tex-text;!
Missing character: There is no 할 in font [lmroman10-regular]:mapping=tex-text;!
Missing character: There is no 수 in font [lmroman10-regular]:mapping=tex-text;!
Missing character: There is no 있 in font [lmroman10-regular]:mapping=tex-text;!
Missing character: There is no 습 in font [lmroman10-regular]:mapping=tex-text;!
Missing character: There is no 니 in font [lmroman10-regular]:mapping=tex-text;!
Missing character: There is no 다 in font [lmroman10-regular]:mapping=tex-text;!
Missing character: There is no 이 in font [lmroman10-regular]:mapping=tex-text;!
Missing character: There is no 예 in font [lmroman10-regular]:mapping=tex-text;!
Missing character: There is no 에 in font [lmroman10-regular]:mapping=tex-text;!
Missing character: There is no 서 in font [lmroman10-regular]:mapping=tex-text;!
Missing character: There is no 은 in font [lmroman10-regular]:mapping=tex-text;!
Missing character: There is no 먹 in font [lmroman10-regular]:mapping=tex-text;!
Missing character: There is no 는 in font [lmroman10-regular]:mapping=tex-text;!
Missing character: There is no 사 in font [lmroman10-regular]:mapping=tex-text;!
Missing character: There is no 과 in font [lmroman10-regular]:mapping=tex-text;!
Missing character: There is no 를 in font [lmroman10-regular]:mapping=tex-text;!
Missing character: There is no 생 in font [lmroman10-regular]:mapping=tex-text;!
Missing character: There is no 각 in font [lmroman10-regular]:mapping=tex-text;!
Missing character: There is no 해 in font [lmroman10-regular]:mapping=tex-text;!
Missing character: There is no 도 in font [lmroman10-regular]:mapping=tex-text;!
Missing character: There is no 되 in font [lmroman10-regular]:mapping=tex-text;!
Missing character: There is no 고 in font [lmroman10-regular]:mapping=tex-text;!
Missing character: There is no 애 in font [lmroman10-regular]:mapping=tex-text;!
Missing character: There is no 플 in font [lmroman10-regular]:mapping=tex-text;!
Missing character: There is no 주 in font [lmroman10-regular]:mapping=tex-text;!
Missing character: There is no 식 in font [lmroman10-regular]:mapping=tex-text;!
Missing character: There is no 으 in font [lmroman10-regular]:mapping=tex-text;!
Missing character: There is no 로 in font [lmroman10-regular]:mapping=tex-text;!
Missing character: There is no 생 in font [lmroman10-regular]:mapping=tex-text;!
Missing character: There is no 각 in font [lmroman10-regular]:mapping=tex-text;!
Missing character: There is no 해 in font [lmroman10-regular]:mapping=tex-text;!
Missing character: There is no 도 in font [lmroman10-regular]:mapping=tex-text;!
Missing character: There is no 됩 in font [lmroman10-regular]:mapping=tex-text;!
Missing character: There is no 니 in font [lmroman10-regular]:mapping=tex-text;!
Missing character: There is no 다 in font [lmroman10-regular]:mapping=tex-text;!
Missing character: There is no 내 in font [lmroman10-regular]:mapping=tex-text;!
Missing character: There is no 가 in font [lmroman10-regular]:mapping=tex-text;!
Missing character: There is no 원 in font [lmroman10-regular]:mapping=tex-text;!
Missing character: There is no 을 in font [lmroman10-regular]:mapping=tex-text;!
Missing character: There is no 주 in font [lmroman10-regular]:mapping=tex-text;!
Missing character: There is no 고 in font [lmroman10-regular]:mapping=tex-text;!
Missing character: There is no 을 in font [lmroman10-regular]:mapping=tex-text;!
Missing character: There is no 사 in font [lmroman10-regular]:mapping=tex-text;!
Missing character: There is no 는 in font [lmroman10-regular]:mapping=tex-text;!
Missing character: There is no 것 in font [lmroman10-regular]:mapping=tex-text;!
Missing character: There is no 은 in font [lmroman10-regular]:mapping=tex-text;!
Missing character: There is no 상 in font [lmroman10-regular]:mapping=tex-text;!
Missing character: There is no 대 in font [lmroman10-regular]:mapping=tex-text;!
Missing character: There is no 방 in font [lmroman10-regular]:mapping=tex-text;!
Missing character: There is no 이 in font [lmroman10-regular]:mapping=tex-text;!
Missing character: There is no 나 in font [lmroman10-regular]:mapping=tex-text;!
Missing character: There is no 에 in font [lmroman10-regular]:mapping=tex-text;!
Missing character: There is no 게 in font [lmroman10-regular]:mapping=tex-text;!
Missing character: There is no 원 in font [lmroman10-regular]:mapping=tex-text;!
Missing character: There is no 을 in font [lmroman10-regular]:mapping=tex-text;!
Missing character: There is no 받 in font [lmroman10-regular]:mapping=tex-text;!
Missing character: There is no 고 in font [lmroman10-regular]:mapping=tex-text;!
Missing character: There is no 을 in font [lmroman10-regular]:mapping=tex-text;!
Missing character: There is no 파 in font [lmroman10-regular]:mapping=tex-text;!
Missing character: There is no 는 in font [lmroman10-regular]:mapping=tex-text;!
Missing character: There is no 것 in font [lmroman10-regular]:mapping=tex-text;!
Missing character: There is no 입 in font [lmroman10-regular]:mapping=tex-text;!
Missing character: There is no 니 in font [lmroman10-regular]:mapping=tex-text;!
Missing character: There is no 다 in font [lmroman10-regular]:mapping=tex-text;!
Missing character: There is no 상 in font [lmroman10-regular]:mapping=tex-text;!
Missing character: There is no 대 in font [lmroman10-regular]:mapping=tex-text;!
Missing character: There is no 방 in font [lmroman10-regular]:mapping=tex-text;!
Missing character: There is no 이 in font [lmroman10-regular]:mapping=tex-text;!
Missing character: There is no 나 in font [lmroman10-regular]:mapping=tex-text;!
Missing character: There is no 에 in font [lmroman10-regular]:mapping=tex-text;!
Missing character: There is no 게 in font [lmroman10-regular]:mapping=tex-text;!
Missing character: There is no 을 in font [lmroman10-regular]:mapping=tex-text;!
Missing character: There is no 하 in font [lmroman10-regular]:mapping=tex-text;!
Missing character: There is no 고 in font [lmroman10-regular]:mapping=tex-text;!
Missing character: There is no 을 in font [lmroman10-regular]:mapping=tex-text;!
Missing character: There is no 하 in font [lmroman10-regular]:mapping=tex-text;!
Missing character: There is no 는 in font [lmroman10-regular]:mapping=tex-text;!
Missing character: There is no 것 in font [lmroman10-regular]:mapping=tex-text;!
Missing character: There is no 이 in font [lmroman10-regular]:mapping=tex-text;!
Missing character: There is no 내 in font [lmroman10-regular]:mapping=tex-text;!
Missing character: There is no 가 in font [lmroman10-regular]:mapping=tex-text;!
Missing character: There is no 상 in font [lmroman10-regular]:mapping=tex-text;!
Missing character: There is no 대 in font [lmroman10-regular]:mapping=tex-text;!
Missing character: There is no 방 in font [lmroman10-regular]:mapping=tex-text;!
Missing character: There is no 으 in font [lmroman10-regular]:mapping=tex-text;!
Missing character: There is no 로 in font [lmroman10-regular]:mapping=tex-text;!
Missing character: There is no 부 in font [lmroman10-regular]:mapping=tex-text;!
Missing character: There is no 터 in font [lmroman10-regular]:mapping=tex-text;!
Missing character: There is no 을 in font [lmroman10-regular]:mapping=tex-text;!
Missing character: There is no 하 in font [lmroman10-regular]:mapping=tex-text;!
Missing character: There is no 고 in font [lmroman10-regular]:mapping=tex-text;!
Missing character: There is no 상 in font [lmroman10-regular]:mapping=tex-text;!
Missing character: There is no 대 in font [lmroman10-regular]:mapping=tex-text;!
Missing character: There is no 방 in font [lmroman10-regular]:mapping=tex-text;!
Missing character: There is no 에 in font [lmroman10-regular]:mapping=tex-text;!
Missing character: There is no 게 in font [lmroman10-regular]:mapping=tex-text;!
Missing character: There is no 을 in font [lmroman10-regular]:mapping=tex-text;!
Missing character: There is no 하 in font [lmroman10-regular]:mapping=tex-text;!
Missing character: There is no 는 in font [lmroman10-regular]:mapping=tex-text;!
Missing character: There is no 것 in font [lmroman10-regular]:mapping=tex-text;!
Missing character: There is no 입 in font [lmroman10-regular]:mapping=tex-text;!
Missing character: There is no 니 in font [lmroman10-regular]:mapping=tex-text;!
Missing character: There is no 다 in font [lmroman10-regular]:mapping=tex-text;!

! LaTeX Error: \begin{enumerate} on input line 127 ended by \end{example}.

See the LaTeX manual or LaTeX Companion for explanation.
Type  H <return>  for immediate help.
 ...                                              
                                                  
l.133   \end{example}
                      
Here is how much of TeX's memory you used:
 17489 strings out of 478902
 314630 string characters out of 5864169
 789779 words of memory out of 5000000
 37115 multiletter control sequences out of 15000+600000
 407028 words of font info for 61 fonts, out of 8000000 for 9000
 14 hyphenation exceptions out of 8191
 98i,6n,122p,510b,359s stack positions out of 5000i,500n,10000p,200000b,80000s

Output written on three.pdf (8 pages).
